[14:19:19] [main/INFO] (FabricLoader/GameProvider) Loading Minecraft 1.21.8 with Fabric Loader 0.17.2
[14:19:21] [main/INFO] (FabricLoader) Loading 50 mods:
	- fabric-api 0.133.4+1.21.8
	- fabric-api-base 0.5.0+cd8c0daa2c
	- fabric-api-lookup-api-v1 1.6.101+946bf4c32c
	- fabric-biome-api-v1 16.0.11+946bf4c32c
	- fabric-block-api-v1 1.1.3+946bf4c32c
	- fabric-block-view-api-v2 1.0.31+946bf4c32c
	- fabric-client-gametest-api-v1 4.2.5+8a98c3fc2c
	- fabric-command-api-v2 2.3.1+52fff9ec2c
	- fabric-content-registries-v0 10.1.0+c75de69d2c
	- fabric-convention-tags-v1 2.1.41+7f945d5b2c
	- fabric-convention-tags-v2 2.15.6+eb5df52f2c
	- fabric-crash-report-info-v1 0.3.15+946bf4c32c
	- fabric-data-attachment-api-v1 1.8.13+38b5f74e2c
	- fabric-data-generation-api-v1 23.2.7+0b1ef9762c
	- fabric-dimensions-v1 4.0.20+948fc79a2c
	- fabric-entity-events-v1 2.1.2+c9e472732c
	- fabric-events-interaction-v0 4.0.25+946bf4c32c
	- fabric-game-rule-api-v1 1.0.73+c64c9c5b2c
	- fabric-gametest-api-v1 3.1.10+39ce47f52c
	- fabric-item-api-v1 11.5.0+02ce13f42c
	- fabric-item-group-api-v1 4.2.14+c5f9bbc12c
	- fabric-key-binding-api-v1 1.0.65+946bf4c32c
	- fabric-lifecycle-events-v1 2.6.4+db4dfd852c
	- fabric-loot-api-v2 3.0.56+3f89f5a52c
	- fabric-loot-api-v3 2.0.3+946bf4c32c
	- fabric-message-api-v1 6.1.2+946bf4c32c
	- fabric-model-loading-api-v1 5.2.7+946bf4c32c
	- fabric-networking-api-v1 5.0.3+4ddbf91b2c
	- fabric-object-builder-api-v1 21.1.9+946bf4c32c
	- fabric-particles-v1 4.1.9+946bf4c32c
	- fabric-recipe-api-v1 8.1.16+946bf4c32c
	- fabric-registry-sync-v0 6.1.29+946bf4c32c
	- fabric-renderer-api-v1 7.0.4+208eed172c
	- fabric-renderer-indigo 4.0.4+946bf4c32c
	- fabric-rendering-fluids-v1 3.1.31+fa6cb72b2c
	- fabric-rendering-v1 12.5.1+fbe231d52c
	- fabric-resource-conditions-api-v1 5.0.25+98e6d6db2c
	- fabric-resource-loader-v0 3.1.12+020423442c
	- fabric-screen-api-v1 2.1.1+277ecf7d2c
	- fabric-screen-handler-api-v1 1.3.138+946bf4c32c
	- fabric-serialization-api-v1 1.0.0+fc0e5aba2c
	- fabric-sound-api-v1 1.0.42+946bf4c32c
	- fabric-tag-api-v1 1.2.2+946bf4c32c
	- fabric-transfer-api-v1 6.0.6+946bf4c32c
	- fabric-transitive-access-wideners-v1 6.5.0+c847ce762c
	- fabricloader 0.17.2
	- java 21
	- jimhasaburgers_music_mod 1.1.0
	- minecraft 1.21.8
	- mixinextras 0.5.0
[14:19:21] [main/INFO] (FabricLoader/Mixin) SpongePowered MIXIN Subsystem Version=0.8.7 Source=file:/C:/Users/janeg/.mcreator/gradle/caches/modules-2/files-2.1/net.fabricmc/sponge-mixin/0.16.3+mixin.0.8.7/3e535042688d1265447e52ad86950b7d9678a5fa/sponge-mixin-0.16.3+mixin.0.8.7.jar Service=Knot/Fabric Env=CLIENT
[14:19:22] [main/INFO] (FabricLoader/Mixin) Loaded Fabric development mappings for mixin remapper!
[14:19:22] [main/INFO] (FabricLoader/Mixin) Compatibility level set to JAVA_21
[14:19:27] [main/INFO] (FabricLoader/MixinExtras|Service) Initializing MixinExtras via com.llamalad7.mixinextras.service.MixinExtrasServiceImpl(version=0.5.0).
[14:19:36] [Datafixer Bootstrap/INFO] (Minecraft) 269 Datafixer optimizations took 6756 milliseconds
[14:20:02] [Render thread/INFO] (Minecraft) Environment: Environment[sessionHost=https://sessionserver.mojang.com, servicesHost=https://api.minecraftservices.com, name=PROD]
[14:20:02] [Render thread/INFO] (Minecraft) Setting user: Player82
[14:20:03] [Render thread/INFO] (JimhasaburgersMusicModMod) Initializing JimhasaburgersMusicModMod
[14:20:04] [Render thread/INFO] (Indigo) [Indigo] Registering Indigo renderer!
[14:20:06] [Render thread/INFO] (Minecraft) Backend library: LWJGL version 3.3.3-snapshot
[14:20:08] [Render thread/INFO] (Minecraft) Using optional rendering extensions: GL_ARB_buffer_storage, GL_KHR_debug, GL_ARB_vertex_attrib_binding
[14:20:11] [Render thread/INFO] (Minecraft) Reloading ResourceManager: vanilla, fabric, fabric-api, fabric-api-base, fabric-api-lookup-api-v1, fabric-biome-api-v1, fabric-block-api-v1, fabric-block-view-api-v2, fabric-client-gametest-api-v1, fabric-command-api-v2, fabric-content-registries-v0, fabric-convention-tags-v1, fabric-convention-tags-v2, fabric-crash-report-info-v1, fabric-data-attachment-api-v1, fabric-data-generation-api-v1, fabric-dimensions-v1, fabric-entity-events-v1, fabric-events-interaction-v0, fabric-game-rule-api-v1, fabric-gametest-api-v1, fabric-item-api-v1, fabric-item-group-api-v1, fabric-key-binding-api-v1, fabric-lifecycle-events-v1, fabric-loot-api-v2, fabric-loot-api-v3, fabric-message-api-v1, fabric-model-loading-api-v1, fabric-networking-api-v1, fabric-object-builder-api-v1, fabric-particles-v1, fabric-recipe-api-v1, fabric-registry-sync-v0, fabric-renderer-api-v1, fabric-renderer-indigo, fabric-rendering-fluids-v1, fabric-rendering-v1, fabric-resource-conditions-api-v1, fabric-resource-loader-v0, fabric-screen-api-v1, fabric-screen-handler-api-v1, fabric-serialization-api-v1, fabric-sound-api-v1, fabric-tag-api-v1, fabric-transfer-api-v1, fabric-transitive-access-wideners-v1, fabricloader, jimhasaburgers_music_mod
[14:20:13] [Worker-Main-2/INFO] (Minecraft) Found unifont_all_no_pua-16.0.03.hex, loading
[14:20:13] [Worker-Main-3/INFO] (Minecraft) Found unifont_pua-16.0.03.hex, loading
[14:20:14] [Worker-Main-2/INFO] (Minecraft) Found unifont_jp_patch-16.0.03.hex, loading
[14:20:22] [Render thread/INFO] (Minecraft) OpenAL initialized on device OpenAL Soft on Lautsprecher (Realtek High Definition Audio)
[14:20:22] [Render thread/INFO] (Minecraft) Sound engine started
[14:20:23] [Render thread/INFO] (Minecraft) Created: 1024x512x4 minecraft:textures/atlas/blocks.png-atlas
[14:20:23] [Render thread/INFO] (Minecraft) Created: 256x256x4 minecraft:textures/atlas/signs.png-atlas
[14:20:23] [Render thread/INFO] (Minecraft) Created: 512x512x4 minecraft:textures/atlas/shield_patterns.png-atlas
[14:20:23] [Render thread/INFO] (Minecraft) Created: 512x512x4 minecraft:textures/atlas/banner_patterns.png-atlas
[14:20:23] [Render thread/INFO] (Minecraft) Created: 2048x1024x4 minecraft:textures/atlas/armor_trims.png-atlas
[14:20:23] [Render thread/INFO] (Minecraft) Created: 128x64x4 minecraft:textures/atlas/decorated_pot.png-atlas
[14:20:23] [Render thread/INFO] (Minecraft) Created: 256x256x4 minecraft:textures/atlas/chest.png-atlas
[14:20:23] [Render thread/INFO] (Minecraft) Created: 512x256x4 minecraft:textures/atlas/shulker_boxes.png-atlas
[14:20:23] [Render thread/INFO] (Minecraft) Created: 512x256x4 minecraft:textures/atlas/beds.png-atlas
[14:20:23] [Render thread/INFO] (Minecraft) Created: 64x64x0 minecraft:textures/atlas/map_decorations.png-atlas
[14:20:24] [Render thread/INFO] (Minecraft) Created: 512x256x0 minecraft:textures/atlas/particles.png-atlas
[14:20:24] [Render thread/INFO] (Minecraft) Created: 512x256x0 minecraft:textures/atlas/paintings.png-atlas
[14:20:24] [Render thread/INFO] (Minecraft) Created: 1024x512x0 minecraft:textures/atlas/gui.png-atlas
[14:20:40] [Render thread/INFO] (Minecraft) Loaded 1407 recipes
[14:20:40] [Render thread/INFO] (Minecraft) Loaded 1520 advancements
[14:20:41] [Render thread/INFO] (BiomeModificationImpl) Applied 0 biome modifications to 0 of 65 new biomes in 2.801 ms
[14:20:41] [Server thread/INFO] (Minecraft) Starting integrated minecraft server version 1.21.8
[14:20:41] [Server thread/INFO] (Minecraft) Generating keypair
[14:20:42] [Server thread/INFO] (Minecraft) Preparing start region for dimension minecraft:overworld
[14:20:42] [Render thread/INFO] (Minecraft) Preparing spawn area: 0%
[14:20:42] [Render thread/INFO] (Minecraft) Preparing spawn area: 0%
[14:20:42] [Render thread/INFO] (Minecraft) Time elapsed: 735 ms
[14:20:43] [Server thread/WARN] (ConventionLogWarnings) 
	Dev warning - Legacy Tags detected. Please migrate your old tags to our new format that follows better conventions!
	See classes under net.fabricmc.fabric.api.tag.convention.v2 package for all tags.

	NOTE: Many tags have been moved around or renamed. Some new ones were added so please review the new tags.
	And make sure you follow tag conventions for new tags! The convention is `c` with nouns generally being plural and adjectives being singular.
	You can disable this message by this system property to your runs: `-Dfabric-tag-conventions-v1.legacyTagWarning=SILENCED`.
	To see individual legacy tags found, set the system property to `-Dfabric-tag-conventions-v1.legacyTagWarning=VERBOSE` instead. Default is `SHORT`.

[14:20:43] [Server thread/INFO] (Minecraft) Changing view distance to 14, from 10
[14:20:43] [Server thread/INFO] (Minecraft) Changing simulation distance to 12, from 0
[14:20:45] [Server thread/INFO] (Minecraft) Player82[local:E:3f607599] logged in with entity id 1 at (-9.200877544582655, -60.0, 3.486558958638861)
[14:20:45] [Server thread/INFO] (Minecraft) Player82 joined the game
[14:20:46] [Render thread/INFO] (Minecraft) Loaded 2 advancements
[14:20:52] [Render thread/INFO] (Minecraft) Resizing Dynamic Transforms UBO, capacity limit of 2 reached during a single frame. New capacity will be 4.
[14:20:54] [Render thread/INFO] (Minecraft) Resizing Dynamic Transforms UBO, capacity limit of 4 reached during a single frame. New capacity will be 8.
[14:20:55] [Render thread/INFO] (Minecraft) Resizing Dynamic Transforms UBO, capacity limit of 8 reached during a single frame. New capacity will be 16.
[14:20:56] [Server thread/INFO] (Minecraft) Saving and pausing game...
[14:20:56] [Server thread/INFO] (Minecraft) Saving chunks for level 'ServerLevel[testi]'/minecraft:overworld
[14:20:56] [Render thread/INFO] (Minecraft) Resizing Dynamic Transforms UBO, capacity limit of 16 reached during a single frame. New capacity will be 32.
[14:20:57] [Server thread/INFO] (Minecraft) Saving chunks for level 'ServerLevel[testi]'/minecraft:the_nether
[14:20:57] [Server thread/INFO] (Minecraft) Saving chunks for level 'ServerLevel[testi]'/minecraft:the_end
[14:20:57] [Server thread/WARN] (Minecraft) Can't keep up! Is the server overloaded? Running 2741ms or 54 ticks behind
[14:20:58] [Render thread/INFO] (Minecraft) Resizing Dynamic Transforms UBO, capacity limit of 32 reached during a single frame. New capacity will be 64.
[14:21:00] [Render thread/INFO] (Minecraft) Resizing Dynamic Transforms UBO, capacity limit of 64 reached during a single frame. New capacity will be 128.
[14:21:01] [Render thread/INFO] (Minecraft) Resizing Dynamic Transforms UBO, capacity limit of 128 reached during a single frame. New capacity will be 256.
[14:21:01] [Render thread/INFO] (Minecraft) Resizing Dynamic Transforms UBO, capacity limit of 256 reached during a single frame. New capacity will be 512.
[14:21:18] [Render thread/INFO] (Minecraft) Resizing Dynamic Transforms UBO, capacity limit of 512 reached during a single frame. New capacity will be 1024.
[14:21:45] [Server thread/INFO] (Minecraft) Saving and pausing game...
[14:21:45] [Server thread/INFO] (Minecraft) Saving chunks for level 'ServerLevel[testi]'/minecraft:overworld
[14:21:45] [Server thread/INFO] (Minecraft) Saving chunks for level 'ServerLevel[testi]'/minecraft:the_nether
[14:21:45] [Server thread/INFO] (Minecraft) Saving chunks for level 'ServerLevel[testi]'/minecraft:the_end
[14:22:50] [Server thread/INFO] (Minecraft) Saving and pausing game...
[14:22:50] [Server thread/INFO] (Minecraft) Saving chunks for level 'ServerLevel[testi]'/minecraft:overworld
[14:22:50] [Server thread/INFO] (Minecraft) Saving chunks for level 'ServerLevel[testi]'/minecraft:the_nether
[14:22:50] [Server thread/INFO] (Minecraft) Saving chunks for level 'ServerLevel[testi]'/minecraft:the_end
[14:23:28] [Server thread/INFO] (Minecraft) [Not Secure] <Player82> FABRIC has way better tab swtitching thing
[14:23:28] [Render thread/INFO] (Minecraft) [CHAT] <Player82> FABRIC has way better tab swtitching thing
[14:23:31] [Server thread/INFO] (Minecraft) Saving and pausing game...
[14:23:31] [Server thread/INFO] (Minecraft) Saving chunks for level 'ServerLevel[testi]'/minecraft:overworld
[14:23:31] [Server thread/INFO] (Minecraft) Saving chunks for level 'ServerLevel[testi]'/minecraft:the_nether
[14:23:31] [Server thread/INFO] (Minecraft) Saving chunks for level 'ServerLevel[testi]'/minecraft:the_end
[14:23:42] [Server thread/INFO] (Minecraft) Saving and pausing game...
[14:23:42] [Server thread/INFO] (Minecraft) Saving chunks for level 'ServerLevel[testi]'/minecraft:overworld
[14:23:42] [Server thread/INFO] (Minecraft) Saving chunks for level 'ServerLevel[testi]'/minecraft:the_nether
[14:23:42] [Server thread/INFO] (Minecraft) Saving chunks for level 'ServerLevel[testi]'/minecraft:the_end
[14:24:50] [Server thread/INFO] (Minecraft) Saving and pausing game...
[14:24:50] [Server thread/INFO] (Minecraft) Saving chunks for level 'ServerLevel[testi]'/minecraft:overworld
[14:24:50] [Server thread/INFO] (Minecraft) Saving chunks for level 'ServerLevel[testi]'/minecraft:the_nether
[14:24:50] [Server thread/INFO] (Minecraft) Saving chunks for level 'ServerLevel[testi]'/minecraft:the_end
[14:24:53] [Render thread/INFO] (Minecraft) [System] [CHAT] [Debug]: Key bindings:
[14:24:53] [Render thread/INFO] (Minecraft) [System] [CHAT] F3 + A = Reload chunks
[14:24:53] [Render thread/INFO] (Minecraft) [System] [CHAT] F3 + B = Show hitboxes
[14:24:53] [Render thread/INFO] (Minecraft) [System] [CHAT] F3 + C = Copy location as /tp command, hold F3 + C to crash the game
[14:24:53] [Render thread/INFO] (Minecraft) [System] [CHAT] F3 + D = Clear chat
[14:24:53] [Render thread/INFO] (Minecraft) [System] [CHAT] F3 + G = Show chunk boundaries
[14:24:53] [Render thread/INFO] (Minecraft) [System] [CHAT] F3 + H = Advanced tooltips
[14:24:53] [Render thread/INFO] (Minecraft) [System] [CHAT] F3 + I = Copy entity or block data to clipboard
[14:24:53] [Render thread/INFO] (Minecraft) [System] [CHAT] F3 + L = Start/stop profiling
[14:24:53] [Render thread/INFO] (Minecraft) [System] [CHAT] F3 + N = Cycle previous game mode <-> spectator
[14:24:53] [Render thread/INFO] (Minecraft) [System] [CHAT] F3 + P = Pause on lost focus
[14:24:53] [Render thread/INFO] (Minecraft) [System] [CHAT] F3 + Q = Show this list
[14:24:53] [Render thread/INFO] (Minecraft) [System] [CHAT] F3 + S = Dump dynamic textures
[14:24:53] [Render thread/INFO] (Minecraft) [System] [CHAT] F3 + T = Reload resource packs
[14:24:53] [Render thread/INFO] (Minecraft) [System] [CHAT] F3 + V = Client version info
[14:24:53] [Render thread/INFO] (Minecraft) [System] [CHAT] F3 + Esc = Pause without pause menu (if pausing is possible)
[14:24:53] [Render thread/INFO] (Minecraft) [System] [CHAT] F3 + F4 = Open game mode switcher
[14:25:14] [Render thread/INFO] (Minecraft) [System] [CHAT] [Debug]: Pause on lost focus: disabled
[14:30:04] [Server thread/INFO] (Minecraft) Saving and pausing game...
[14:30:04] [Server thread/INFO] (Minecraft) Saving chunks for level 'ServerLevel[testi]'/minecraft:overworld
[14:30:04] [Server thread/INFO] (Minecraft) Saving chunks for level 'ServerLevel[testi]'/minecraft:the_nether
[14:30:04] [Server thread/INFO] (Minecraft) Saving chunks for level 'ServerLevel[testi]'/minecraft:the_end
[14:30:05] [Render thread/INFO] (Minecraft) Stopping!
[14:30:05] [Server thread/INFO] (Minecraft) Player82 lost connection: Disconnected
[14:30:05] [Server thread/INFO] (Minecraft) Player82 left the game
[14:30:05] [Server thread/INFO] (Minecraft) Stopping singleplayer server as player logged out
[14:30:05] [Server thread/INFO] (Minecraft) Stopping server
[14:30:05] [Server thread/INFO] (Minecraft) Saving players
[14:30:05] [Server thread/INFO] (Minecraft) Saving worlds
[14:30:05] [Server thread/INFO] (Minecraft) Saving chunks for level 'ServerLevel[testi]'/minecraft:overworld
[14:30:05] [Server thread/INFO] (Minecraft) Saving chunks for level 'ServerLevel[testi]'/minecraft:the_nether
[14:30:05] [Server thread/INFO] (Minecraft) Saving chunks for level 'ServerLevel[testi]'/minecraft:the_end
[14:30:05] [Server thread/INFO] (Minecraft) ThreadedAnvilChunkStorage (testi): All chunks are saved
[14:30:05] [Server thread/INFO] (Minecraft) ThreadedAnvilChunkStorage (DIM-1): All chunks are saved
[14:30:05] [Server thread/INFO] (Minecraft) ThreadedAnvilChunkStorage (DIM1): All chunks are saved
[14:30:05] [Server thread/INFO] (Minecraft) ThreadedAnvilChunkStorage: All dimensions are saved
[14:30:06] [Render thread/INFO] (Minecraft) OpenGL debug message: id=1281, source=API, type=ERROR, severity=HIGH, message='GL error GL_INVALID_VALUE'
[14:30:06] [Render thread/INFO] (Minecraft) OpenGL debug message: id=1281, source=API, type=ERROR, severity=HIGH, message='GL error GL_INVALID_VALUE'
[14:30:06] [Render thread/INFO] (Minecraft) OpenGL debug message: id=1281, source=API, type=ERROR, severity=HIGH, message='GL error GL_INVALID_VALUE'
[14:30:06] [Render thread/INFO] (Minecraft) OpenGL debug message: id=1281, source=API, type=ERROR, severity=HIGH, message='GL error GL_INVALID_VALUE'
[14:30:06] [Render thread/INFO] (Minecraft) OpenGL debug message: id=1281, source=API, type=ERROR, severity=HIGH, message='GL error GL_INVALID_VALUE'
[14:30:06] [Render thread/INFO] (Minecraft) OpenGL debug message: id=1281, source=API, type=ERROR, severity=HIGH, message='GL error GL_INVALID_VALUE'
[14:30:06] [Render thread/INFO] (Minecraft) OpenGL debug message: id=1281, source=API, type=ERROR, severity=HIGH, message='GL error GL_INVALID_VALUE'
[14:30:06] [Render thread/INFO] (Minecraft) OpenGL debug message: id=1281, source=API, type=ERROR, severity=HIGH, message='GL error GL_INVALID_VALUE'
[14:30:06] [Render thread/INFO] (Minecraft) OpenGL debug message: id=1281, source=API, type=ERROR, severity=HIGH, message='GL error GL_INVALID_VALUE'
[14:30:06] [Render thread/INFO] (Minecraft) OpenGL debug message: id=1281, source=API, type=ERROR, severity=HIGH, message='GL error GL_INVALID_VALUE'
[14:30:06] [Render thread/INFO] (Minecraft) OpenGL debug message: id=1281, source=API, type=ERROR, severity=HIGH, message='GL error GL_INVALID_VALUE'
[14:30:06] [Render thread/INFO] (Minecraft) OpenGL debug message: id=1281, source=API, type=ERROR, severity=HIGH, message='GL error GL_INVALID_VALUE'
[14:30:06] [Render thread/INFO] (Minecraft) OpenGL debug message: id=1281, source=API, type=ERROR, severity=HIGH, message='GL error GL_INVALID_VALUE'
[14:30:06] [Render thread/INFO] (Minecraft) OpenGL debug message: id=1281, source=API, type=ERROR, severity=HIGH, message='GL error GL_INVALID_VALUE'
[14:30:06] [Render thread/INFO] (Minecraft) OpenGL debug message: id=1281, source=API, type=ERROR, severity=HIGH, message='GL error GL_INVALID_VALUE'
[14:30:06] [Render thread/INFO] (Minecraft) OpenGL debug message: id=1281, source=API, type=ERROR, severity=HIGH, message='GL error GL_INVALID_VALUE'
[14:30:06] [Render thread/INFO] (Minecraft) OpenGL debug message: id=1281, source=API, type=ERROR, severity=HIGH, message='GL error GL_INVALID_VALUE'
[14:30:06] [Render thread/INFO] (Minecraft) OpenGL debug message: id=1281, source=API, type=ERROR, severity=HIGH, message='GL error GL_INVALID_VALUE'
[14:30:06] [Render thread/INFO] (Minecraft) OpenGL debug message: id=1281, source=API, type=ERROR, severity=HIGH, message='GL error GL_INVALID_VALUE'
[14:30:06] [Render thread/INFO] (Minecraft) OpenGL debug message: id=1281, source=API, type=ERROR, severity=HIGH, message='GL error GL_INVALID_VALUE'
[14:30:06] [Render thread/INFO] (Minecraft) OpenGL debug message: id=1281, source=API, type=ERROR, severity=HIGH, message='GL error GL_INVALID_VALUE'
[14:30:06] [Render thread/INFO] (Minecraft) OpenGL debug message: id=1281, source=API, type=ERROR, severity=HIGH, message='GL error GL_INVALID_VALUE'
[14:30:06] [Render thread/INFO] (Minecraft) OpenGL debug message: id=1281, source=API, type=ERROR, severity=HIGH, message='GL error GL_INVALID_VALUE'
[14:30:06] [Render thread/INFO] (Minecraft) OpenGL debug message: id=1281, source=API, type=ERROR, severity=HIGH, message='GL error GL_INVALID_VALUE'
[14:30:06] [Render thread/INFO] (Minecraft) OpenGL debug message: id=1281, source=API, type=ERROR, severity=HIGH, message='GL error GL_INVALID_VALUE'
[14:30:06] [Render thread/INFO] (Minecraft) OpenGL debug message: id=1281, source=API, type=ERROR, severity=HIGH, message='GL error GL_INVALID_VALUE'
[14:30:06] [Render thread/INFO] (Minecraft) OpenGL debug message: id=1281, source=API, type=ERROR, severity=HIGH, message='GL error GL_INVALID_VALUE'
[14:30:06] [Render thread/INFO] (Minecraft) OpenGL debug message: id=1281, source=API, type=ERROR, severity=HIGH, message='GL error GL_INVALID_VALUE'
[14:30:06] [Render thread/INFO] (Minecraft) OpenGL debug message: id=1281, source=API, type=ERROR, severity=HIGH, message='GL error GL_INVALID_VALUE'
[14:30:06] [Render thread/INFO] (Minecraft) OpenGL debug message: id=1281, source=API, type=ERROR, severity=HIGH, message='GL error GL_INVALID_VALUE'
[14:30:06] [Render thread/INFO] (Minecraft) OpenGL debug message: id=1281, source=API, type=ERROR, severity=HIGH, message='GL error GL_INVALID_VALUE'
[14:30:06] [Render thread/INFO] (Minecraft) OpenGL debug message: id=1281, source=API, type=ERROR, severity=HIGH, message='GL error GL_INVALID_VALUE'
[14:30:06] [Render thread/INFO] (Minecraft) OpenGL debug message: id=1281, source=API, type=ERROR, severity=HIGH, message='GL error GL_INVALID_VALUE'
[14:30:06] [Render thread/INFO] (Minecraft) OpenGL debug message: id=1281, source=API, type=ERROR, severity=HIGH, message='GL error GL_INVALID_VALUE'
[14:30:06] [Render thread/INFO] (Minecraft) OpenGL debug message: id=1281, source=API, type=ERROR, severity=HIGH, message='GL error GL_INVALID_VALUE'
[14:30:06] [Render thread/INFO] (Minecraft) OpenGL debug message: id=1281, source=API, type=ERROR, severity=HIGH, message='GL error GL_INVALID_VALUE'
[14:30:06] [Render thread/INFO] (Minecraft) OpenGL debug message: id=1281, source=API, type=ERROR, severity=HIGH, message='GL error GL_INVALID_VALUE'
[14:30:06] [Render thread/INFO] (Minecraft) OpenGL debug message: id=1281, source=API, type=ERROR, severity=HIGH, message='GL error GL_INVALID_VALUE'
[14:30:06] [Render thread/INFO] (Minecraft) OpenGL debug message: id=1281, source=API, type=ERROR, severity=HIGH, message='GL error GL_INVALID_VALUE'
[14:30:06] [Render thread/INFO] (Minecraft) OpenGL debug message: id=1281, source=API, type=ERROR, severity=HIGH, message='GL error GL_INVALID_VALUE'
[14:30:06] [Render thread/INFO] (Minecraft) OpenGL debug message: id=1281, source=API, type=ERROR, severity=HIGH, message='GL error GL_INVALID_VALUE'
[14:30:06] [Render thread/INFO] (Minecraft) OpenGL debug message: id=1281, source=API, type=ERROR, severity=HIGH, message='GL error GL_INVALID_VALUE'
[14:30:06] [Render thread/INFO] (Minecraft) OpenGL debug message: id=1281, source=API, type=ERROR, severity=HIGH, message='GL error GL_INVALID_VALUE'
[14:30:06] [Render thread/INFO] (Minecraft) OpenGL debug message: id=1281, source=API, type=ERROR, severity=HIGH, message='GL error GL_INVALID_VALUE'
[14:30:06] [Render thread/INFO] (Minecraft) OpenGL debug message: id=1281, source=API, type=ERROR, severity=HIGH, message='GL error GL_INVALID_VALUE'
[14:30:06] [Render thread/INFO] (Minecraft) OpenGL debug message: id=1281, source=API, type=ERROR, severity=HIGH, message='GL error GL_INVALID_VALUE'
[14:30:06] [Render thread/INFO] (Minecraft) OpenGL debug message: id=1281, source=API, type=ERROR, severity=HIGH, message='GL error GL_INVALID_VALUE'
[14:30:06] [Render thread/INFO] (Minecraft) OpenGL debug message: id=1281, source=API, type=ERROR, severity=HIGH, message='GL error GL_INVALID_VALUE'
[14:30:06] [Render thread/INFO] (Minecraft) OpenGL debug message: id=1281, source=API, type=ERROR, severity=HIGH, message='GL error GL_INVALID_VALUE'
[14:30:06] [Render thread/INFO] (Minecraft) OpenGL debug message: id=1281, source=API, type=ERROR, severity=HIGH, message='GL error GL_INVALID_VALUE'
[14:30:06] [Render thread/INFO] (Minecraft) OpenGL debug message: id=1281, source=API, type=ERROR, severity=HIGH, message='GL error GL_INVALID_VALUE'
[14:30:06] [Render thread/INFO] (Minecraft) OpenGL debug message: id=1281, source=API, type=ERROR, severity=HIGH, message='GL error GL_INVALID_VALUE'
[14:30:06] [Render thread/INFO] (Minecraft) OpenGL debug message: id=1281, source=API, type=ERROR, severity=HIGH, message='GL error GL_INVALID_VALUE'
[14:30:06] [Render thread/INFO] (Minecraft) OpenGL debug message: id=1281, source=API, type=ERROR, severity=HIGH, message='GL error GL_INVALID_VALUE'
[14:30:06] [Render thread/INFO] (Minecraft) OpenGL debug message: id=1281, source=API, type=ERROR, severity=HIGH, message='GL error GL_INVALID_VALUE'
[14:30:06] [Render thread/INFO] (Minecraft) OpenGL debug message: id=1281, source=API, type=ERROR, severity=HIGH, message='GL error GL_INVALID_VALUE'
[14:30:06] [Render thread/INFO] (Minecraft) OpenGL debug message: id=1281, source=API, type=ERROR, severity=HIGH, message='GL error GL_INVALID_VALUE'
[14:30:06] [Render thread/INFO] (Minecraft) OpenGL debug message: id=1281, source=API, type=ERROR, severity=HIGH, message='GL error GL_INVALID_VALUE'
[14:30:06] [Render thread/INFO] (Minecraft) OpenGL debug message: id=1281, source=API, type=ERROR, severity=HIGH, message='GL error GL_INVALID_VALUE'
[14:30:06] [Render thread/INFO] (Minecraft) OpenGL debug message: id=1281, source=API, type=ERROR, severity=HIGH, message='GL error GL_INVALID_VALUE'
[14:30:06] [Render thread/INFO] (Minecraft) OpenGL debug message: id=1281, source=API, type=ERROR, severity=HIGH, message='GL error GL_INVALID_VALUE'
[14:30:06] [Render thread/INFO] (Minecraft) OpenGL debug message: id=1281, source=API, type=ERROR, severity=HIGH, message='GL error GL_INVALID_VALUE'
[14:30:06] [Render thread/INFO] (Minecraft) OpenGL debug message: id=1281, source=API, type=ERROR, severity=HIGH, message='GL error GL_INVALID_VALUE'
[14:30:06] [Render thread/INFO] (Minecraft) OpenGL debug message: id=1281, source=API, type=ERROR, severity=HIGH, message='GL error GL_INVALID_VALUE'
[14:30:06] [Render thread/INFO] (Minecraft) OpenGL debug message: id=1281, source=API, type=ERROR, severity=HIGH, message='GL error GL_INVALID_VALUE'
[14:30:06] [Render thread/INFO] (Minecraft) OpenGL debug message: id=1281, source=API, type=ERROR, severity=HIGH, message='GL error GL_INVALID_VALUE'
[14:30:06] [Render thread/INFO] (Minecraft) OpenGL debug message: id=1281, source=API, type=ERROR, severity=HIGH, message='GL error GL_INVALID_VALUE'
[14:30:06] [Render thread/INFO] (Minecraft) OpenGL debug message: id=1281, source=API, type=ERROR, severity=HIGH, message='GL error GL_INVALID_VALUE'
[14:30:06] [Render thread/INFO] (Minecraft) OpenGL debug message: id=1281, source=API, type=ERROR, severity=HIGH, message='GL error GL_INVALID_VALUE'
[14:30:06] [Render thread/INFO] (Minecraft) OpenGL debug message: id=1281, source=API, type=ERROR, severity=HIGH, message='GL error GL_INVALID_VALUE'
[14:30:06] [Render thread/INFO] (Minecraft) OpenGL debug message: id=1281, source=API, type=ERROR, severity=HIGH, message='GL error GL_INVALID_VALUE'
[14:30:06] [Render thread/INFO] (Minecraft) OpenGL debug message: id=1281, source=API, type=ERROR, severity=HIGH, message='GL error GL_INVALID_VALUE'
[14:30:06] [Render thread/INFO] (Minecraft) OpenGL debug message: id=1281, source=API, type=ERROR, severity=HIGH, message='GL error GL_INVALID_VALUE'
[14:30:06] [Render thread/INFO] (Minecraft) OpenGL debug message: id=1281, source=API, type=ERROR, severity=HIGH, message='GL error GL_INVALID_VALUE'
[14:30:06] [Render thread/INFO] (Minecraft) OpenGL debug message: id=1281, source=API, type=ERROR, severity=HIGH, message='GL error GL_INVALID_VALUE'
[14:30:06] [Render thread/INFO] (Minecraft) OpenGL debug message: id=1281, source=API, type=ERROR, severity=HIGH, message='GL error GL_INVALID_VALUE'
[14:30:06] [Render thread/INFO] (Minecraft) OpenGL debug message: id=1281, source=API, type=ERROR, severity=HIGH, message='GL error GL_INVALID_VALUE'
[14:30:06] [Render thread/INFO] (Minecraft) OpenGL debug message: id=1281, source=API, type=ERROR, severity=HIGH, message='GL error GL_INVALID_VALUE'
[14:30:06] [Render thread/INFO] (Minecraft) OpenGL debug message: id=1281, source=API, type=ERROR, severity=HIGH, message='GL error GL_INVALID_VALUE'
[14:30:06] [Render thread/INFO] (Minecraft) OpenGL debug message: id=1281, source=API, type=ERROR, severity=HIGH, message='GL error GL_INVALID_VALUE'
[14:30:06] [Render thread/INFO] (Minecraft) OpenGL debug message: id=1281, source=API, type=ERROR, severity=HIGH, message='GL error GL_INVALID_VALUE'
[14:30:06] [Render thread/INFO] (Minecraft) OpenGL debug message: id=1281, source=API, type=ERROR, severity=HIGH, message='GL error GL_INVALID_VALUE'
[14:30:06] [Render thread/INFO] (Minecraft) OpenGL debug message: id=1281, source=API, type=ERROR, severity=HIGH, message='GL error GL_INVALID_VALUE'
[14:30:06] [Render thread/INFO] (Minecraft) OpenGL debug message: id=1281, source=API, type=ERROR, severity=HIGH, message='GL error GL_INVALID_VALUE'
[14:30:06] [Render thread/INFO] (Minecraft) OpenGL debug message: id=1281, source=API, type=ERROR, severity=HIGH, message='GL error GL_INVALID_VALUE'
[14:30:06] [Render thread/INFO] (Minecraft) OpenGL debug message: id=1281, source=API, type=ERROR, severity=HIGH, message='GL error GL_INVALID_VALUE'
[14:30:06] [Render thread/INFO] (Minecraft) OpenGL debug message: id=1281, source=API, type=ERROR, severity=HIGH, message='GL error GL_INVALID_VALUE'
[14:30:06] [Render thread/INFO] (Minecraft) OpenGL debug message: id=1281, source=API, type=ERROR, severity=HIGH, message='GL error GL_INVALID_VALUE'
[14:30:06] [Render thread/INFO] (Minecraft) OpenGL debug message: id=1281, source=API, type=ERROR, severity=HIGH, message='GL error GL_INVALID_VALUE'
